<?xml version="1.0" encoding="UTF-8"?>
<TestRun id="09064e1a-9e11-4ccb-a1f8-7ce065ef2e3d" name="jmorgan@DEV01JMORG01 2015-04-24 14:12:39" runUser="EIDPASSPORT\jmorgan" xmlns="http://microsoft.com/schemas/VisualStudio/TeamTest/2010">
  <TestSettings name="Local" id="be5d11af-06aa-4864-b8a1-69492091424a">
    <Description>These are default test settings for a local test run.</Description>
    <Deployment enabled="false" runDeploymentRoot="jmorgan_DEV01JMORG01 2015-04-24 14_12_39">
      <DeploymentItem filename="C:\Users\jmorgan\documents\visual studio 2010\Projects\NUnitTests\NUnitTests\bin\Debug\NUnitTests.dll" />
    </Deployment>
    <Execution>
      <TestTypeSpecific />
      <AgentRule name="Execution Agents">
      </AgentRule>
    </Execution>
  </TestSettings>
  <Times creation="2015-04-24T14:12:39.2662172-07:00" queuing="2015-04-24T14:12:39.3062168-07:00" start="2015-04-24T14:12:39.3062168-07:00" finish="2015-04-24T14:12:39.4762151-07:00" />
  <ResultSummary outcome="Failed">
    <Counters total="4" executed="4" passed="1" error="0" failed="3" timeout="0" aborted="0" inconclusive="0" passedButRunAborted="0" notRunnable="0" notExecuted="0" disconnected="0" warning="0" completed="0" inProgress="0" pending="0" />
  </ResultSummary>
  <TestDefinitions>
    <UnitTest name="CheckMuliplication" storage="c:\users\jmorgan\documents\visual studio 2010\projects\nunittests\unittests\bin\debug\unittests.dll" id="284fd23e-2910-924f-7fdc-5693cf8e0c20">
      <Execution id="04347338-e021-476c-9ad3-61238be9ac80" />
      <TestMethod codeBase="C:/Users/jmorgan/documents/visual studio 2010/Projects/NUnitTests/UnitTests/bin/Debug/UnitTests.DLL" adapterTypeName="Microsoft.VisualStudio.TestTools.TestTypes.Unit.UnitTestAdapter, Microsoft.VisualStudio.QualityTools.Tips.UnitTest.Adapter, Version=10.0.0.0, Culture=neutral, PublicKeyToken=b03f5f7f11d50a3a" className="UnitTests.UnitTest1, UnitTests, Version=1.0.0.0, Culture=neutral, PublicKeyToken=null" name="CheckMuliplication" />
    </UnitTest>
    <UnitTest name="CheckAddition" storage="c:\users\jmorgan\documents\visual studio 2010\projects\nunittests\unittests\bin\debug\unittests.dll" id="f741987b-c5cb-cbe2-b71d-9819c6b91b49">
      <Execution id="47d5f99e-5988-43c4-ae39-6333a229dbf9" />
      <TestMethod codeBase="C:/Users/jmorgan/documents/visual studio 2010/Projects/NUnitTests/UnitTests/bin/Debug/UnitTests.DLL" adapterTypeName="Microsoft.VisualStudio.TestTools.TestTypes.Unit.UnitTestAdapter, Microsoft.VisualStudio.QualityTools.Tips.UnitTest.Adapter, Version=10.0.0.0, Culture=neutral, PublicKeyToken=b03f5f7f11d50a3a" className="UnitTests.UnitTest1, UnitTests, Version=1.0.0.0, Culture=neutral, PublicKeyToken=null" name="CheckAddition" />
    </UnitTest>
    <UnitTest name="CheckDivision" storage="c:\users\jmorgan\documents\visual studio 2010\projects\nunittests\unittests\bin\debug\unittests.dll" id="e39e966b-3fb4-7481-d225-9e9dc26a9d7a">
      <Execution id="b1468203-6556-477f-a5a2-205db4aff50d" />
      <TestMethod codeBase="C:/Users/jmorgan/documents/visual studio 2010/Projects/NUnitTests/UnitTests/bin/Debug/UnitTests.DLL" adapterTypeName="Microsoft.VisualStudio.TestTools.TestTypes.Unit.UnitTestAdapter, Microsoft.VisualStudio.QualityTools.Tips.UnitTest.Adapter, Version=10.0.0.0, Culture=neutral, PublicKeyToken=b03f5f7f11d50a3a" className="UnitTests.UnitTest1, UnitTests, Version=1.0.0.0, Culture=neutral, PublicKeyToken=null" name="CheckDivision" />
    </UnitTest>
    <UnitTest name="CheckSubtraction" storage="c:\users\jmorgan\documents\visual studio 2010\projects\nunittests\unittests\bin\debug\unittests.dll" id="4c11abdd-e8e6-b041-f203-e6261fe454f8">
      <Execution id="0a64099e-11cd-462f-8189-e8e89c645934" />
      <TestMethod codeBase="C:/Users/jmorgan/documents/visual studio 2010/Projects/NUnitTests/UnitTests/bin/Debug/UnitTests.DLL" adapterTypeName="Microsoft.VisualStudio.TestTools.TestTypes.Unit.UnitTestAdapter, Microsoft.VisualStudio.QualityTools.Tips.UnitTest.Adapter, Version=10.0.0.0, Culture=neutral, PublicKeyToken=b03f5f7f11d50a3a" className="UnitTests.UnitTest1, UnitTests, Version=1.0.0.0, Culture=neutral, PublicKeyToken=null" name="CheckSubtraction" />
    </UnitTest>
  </TestDefinitions>
  <TestLists>
    <TestList name="Results Not in a List" id="8c84fa94-04c1-424b-9868-57a2d4851a1d" />
    <TestList name="All Loaded Results" id="19431567-8539-422a-85d7-44ee4e166bda" />
  </TestLists>
  <TestEntries>
    <TestEntry testId="284fd23e-2910-924f-7fdc-5693cf8e0c20" executionId="04347338-e021-476c-9ad3-61238be9ac80" testListId="8c84fa94-04c1-424b-9868-57a2d4851a1d" />
    <TestEntry testId="4c11abdd-e8e6-b041-f203-e6261fe454f8" executionId="0a64099e-11cd-462f-8189-e8e89c645934" testListId="8c84fa94-04c1-424b-9868-57a2d4851a1d" />
    <TestEntry testId="e39e966b-3fb4-7481-d225-9e9dc26a9d7a" executionId="b1468203-6556-477f-a5a2-205db4aff50d" testListId="8c84fa94-04c1-424b-9868-57a2d4851a1d" />
    <TestEntry testId="f741987b-c5cb-cbe2-b71d-9819c6b91b49" executionId="47d5f99e-5988-43c4-ae39-6333a229dbf9" testListId="8c84fa94-04c1-424b-9868-57a2d4851a1d" />
  </TestEntries>
  <Results>
    <UnitTestResult executionId="04347338-e021-476c-9ad3-61238be9ac80" testId="284fd23e-2910-924f-7fdc-5693cf8e0c20" testName="CheckMuliplication" computerName="DEV01JMORG01" duration="00:00:00.0191716" startTime="2015-04-24T14:12:39.3162167-07:00" endTime="2015-04-24T14:12:39.4562153-07:00" testType="13cdc9d9-ddb5-4fa4-a97d-d965ccfc6d4b" outcome="Failed" testListId="8c84fa94-04c1-424b-9868-57a2d4851a1d" relativeResultsDirectory="04347338-e021-476c-9ad3-61238be9ac80">
      <Output>
        <ErrorInfo>
          <Message>Assert.AreEqual failed. Expected:&lt;8&gt;. Actual:&lt;6&gt;. </Message>
          <StackTrace>   at UnitTests.UnitTest1.CheckMuliplication() in C:\Users\jmorgan\documents\visual studio 2010\Projects\NUnitTests\UnitTests\UnitTest1.cs:line 29
</StackTrace>
        </ErrorInfo>
      </Output>
    </UnitTestResult>
    <UnitTestResult executionId="0a64099e-11cd-462f-8189-e8e89c645934" testId="4c11abdd-e8e6-b041-f203-e6261fe454f8" testName="CheckSubtraction" computerName="DEV01JMORG01" duration="00:00:00.0013401" startTime="2015-04-24T14:12:39.4562153-07:00" endTime="2015-04-24T14:12:39.4562153-07:00" testType="13cdc9d9-ddb5-4fa4-a97d-d965ccfc6d4b" outcome="Failed" testListId="8c84fa94-04c1-424b-9868-57a2d4851a1d" relativeResultsDirectory="0a64099e-11cd-462f-8189-e8e89c645934">
      <Output>
        <ErrorInfo>
          <Message>Assert.AreEqual failed. Expected:&lt;0&gt;. Actual:&lt;6&gt;. </Message>
          <StackTrace>   at UnitTests.UnitTest1.CheckSubtraction() in C:\Users\jmorgan\documents\visual studio 2010\Projects\NUnitTests\UnitTests\UnitTest1.cs:line 22
</StackTrace>
        </ErrorInfo>
      </Output>
    </UnitTestResult>
    <UnitTestResult executionId="b1468203-6556-477f-a5a2-205db4aff50d" testId="e39e966b-3fb4-7481-d225-9e9dc26a9d7a" testName="CheckDivision" computerName="DEV01JMORG01" duration="00:00:00.0013252" startTime="2015-04-24T14:12:39.4662152-07:00" endTime="2015-04-24T14:12:39.4662152-07:00" testType="13cdc9d9-ddb5-4fa4-a97d-d965ccfc6d4b" outcome="Failed" testListId="8c84fa94-04c1-424b-9868-57a2d4851a1d" relativeResultsDirectory="b1468203-6556-477f-a5a2-205db4aff50d">
      <Output>
        <ErrorInfo>
          <Message>Assert.AreEqual failed. Expected:&lt;0.5&gt;. Actual:&lt;6&gt;. </Message>
          <StackTrace>   at UnitTests.UnitTest1.CheckDivision() in C:\Users\jmorgan\documents\visual studio 2010\Projects\NUnitTests\UnitTests\UnitTest1.cs:line 36
</StackTrace>
        </ErrorInfo>
      </Output>
    </UnitTestResult>
    <UnitTestResult executionId="47d5f99e-5988-43c4-ae39-6333a229dbf9" testId="f741987b-c5cb-cbe2-b71d-9819c6b91b49" testName="CheckAddition" computerName="DEV01JMORG01" duration="00:00:00.0002373" startTime="2015-04-24T14:12:39.4662152-07:00" endTime="2015-04-24T14:12:39.4662152-07:00" testType="13cdc9d9-ddb5-4fa4-a97d-d965ccfc6d4b" outcome="Passed" testListId="8c84fa94-04c1-424b-9868-57a2d4851a1d" relativeResultsDirectory="47d5f99e-5988-43c4-ae39-6333a229dbf9">
    </UnitTestResult>
  </Results>
</TestRun>