<?xml version="1.0" encoding="UTF-8"?>
<TestRun id="0ff7937d-498f-41be-8327-d205237976fe" name="jmorgan@DEV01JMORG01 2015-04-24 14:13:49" runUser="EIDPASSPORT\jmorgan" xmlns="http://microsoft.com/schemas/VisualStudio/TeamTest/2010">
  <TestSettings name="Local" id="be5d11af-06aa-4864-b8a1-69492091424a">
    <Description>These are default test settings for a local test run.</Description>
    <Deployment enabled="false" runDeploymentRoot="jmorgan_DEV01JMORG01 2015-04-24 14_13_49">
      <DeploymentItem filename="C:\Users\jmorgan\documents\visual studio 2010\Projects\NUnitTests\NUnitTests\bin\Debug\NUnitTests.dll" />
    </Deployment>
    <Execution>
      <TestTypeSpecific />
      <AgentRule name="Execution Agents">
      </AgentRule>
    </Execution>
  </TestSettings>
  <Times creation="2015-04-24T14:13:49.1145211-07:00" queuing="2015-04-24T14:13:49.3345189-07:00" start="2015-04-24T14:13:49.3545187-07:00" finish="2015-04-24T14:13:49.5245170-07:00" />
  <ResultSummary outcome="Failed">
    <Counters total="1" executed="1" error="0" failed="1" timeout="0" aborted="0" inconclusive="0" passedButRunAborted="0" notRunnable="0" notExecuted="0" disconnected="0" warning="0" passed="0" completed="0" inProgress="0" pending="0" />
  </ResultSummary>
  <TestDefinitions>
    <UnitTest name="CheckMuliplication" storage="c:\users\jmorgan\documents\visual studio 2010\projects\nunittests\unittests\bin\debug\unittests.dll" id="284fd23e-2910-924f-7fdc-5693cf8e0c20">
      <Execution id="fcd3f83b-c40b-4ece-ba3c-76266a6319bf" />
      <TestMethod codeBase="C:/Users/jmorgan/documents/visual studio 2010/Projects/NUnitTests/UnitTests/bin/Debug/UnitTests.DLL" adapterTypeName="Microsoft.VisualStudio.TestTools.TestTypes.Unit.UnitTestAdapter, Microsoft.VisualStudio.QualityTools.Tips.UnitTest.Adapter, Version=10.0.0.0, Culture=neutral, PublicKeyToken=b03f5f7f11d50a3a" className="UnitTests.UnitTest1, UnitTests, Version=1.0.0.0, Culture=neutral, PublicKeyToken=null" name="CheckMuliplication" />
    </UnitTest>
  </TestDefinitions>
  <TestLists>
    <TestList name="Results Not in a List" id="8c84fa94-04c1-424b-9868-57a2d4851a1d" />
    <TestList name="All Loaded Results" id="19431567-8539-422a-85d7-44ee4e166bda" />
  </TestLists>
  <TestEntries>
    <TestEntry testId="284fd23e-2910-924f-7fdc-5693cf8e0c20" executionId="fcd3f83b-c40b-4ece-ba3c-76266a6319bf" testListId="8c84fa94-04c1-424b-9868-57a2d4851a1d" />
  </TestEntries>
  <Results>
    <UnitTestResult executionId="fcd3f83b-c40b-4ece-ba3c-76266a6319bf" testId="284fd23e-2910-924f-7fdc-5693cf8e0c20" testName="CheckMuliplication" computerName="DEV01JMORG01" duration="00:00:00.0232734" startTime="2015-04-24T14:13:49.3645186-07:00" endTime="2015-04-24T14:13:49.5145171-07:00" testType="13cdc9d9-ddb5-4fa4-a97d-d965ccfc6d4b" outcome="Failed" testListId="8c84fa94-04c1-424b-9868-57a2d4851a1d" relativeResultsDirectory="fcd3f83b-c40b-4ece-ba3c-76266a6319bf">
      <Output>
        <ErrorInfo>
          <Message>Assert.AreEqual failed. Expected:&lt;8&gt;. Actual:&lt;6&gt;. </Message>
          <StackTrace>   at UnitTests.UnitTest1.CheckMuliplication() in C:\Users\jmorgan\documents\visual studio 2010\Projects\NUnitTests\UnitTests\UnitTest1.cs:line 29
</StackTrace>
        </ErrorInfo>
      </Output>
    </UnitTestResult>
  </Results>
</TestRun>